<?xml version="1.0" encoding="UTF-8"?>
<testsuite xmlns:xsi="http://www.w3.org/2001/XMLSchema-instance" xsi:noNamespaceSchemaLocation="https://maven.apache.org/surefire/maven-surefire-plugin/xsd/surefire-test-report-3.0.xsd" version="3.0" name="com.ya3k.checklist.CheckListApplicationTests" time="19.395" tests="1" errors="0" skipped="0" failures="0">
  <properties>
[...]
</properties>
  <testcase name="contextLoads" classname="com.ya3k.checklist.CheckListApplicationTests" time="0.517">
    <system-out><![CDATA[15:58:54.397 [main] INFO org.springframework.test.context.support.AnnotationConfigContextLoaderUtils -- Could not detect default configuration classes for test class [com.ya3k.checklist.CheckListApplicationTests]: CheckListApplicationTests does not declare any static, non-private, non-final, nested classes annotated with @Configuration.
15:58:54.511 [main] INFO org.springframework.boot.test.context.SpringBootTestContextBootstrapper -- Found @SpringBootConfiguration com.ya3k.checklist.CheckListApplication for test class com.ya3k.checklist.CheckListApplicationTests

  .   ____          _            __ _ _
 /\\ / ___'_ __ _ _(_)_ __  __ _ \ \ \ \
( ( )\___ | '_ | '_| | '_ \/ _` | \ \ \ \
 \\/  ___)| |_)| | | | | || (_| |  ) ) ) )
  '  |____| .__|_| |_|_| |_\__, | / / / /
 =========|_|==============|___/=/_/_/_/
 :: Spring Boot ::                (v3.2.3)

CheckList_project  c.y.checklist.CheckListApplicationTests              logStarting 2024-04-19 Fri 15:58:55 [      ]  INFO : Starting CheckListApplicationTests using Java 17.0.10 with PID 14440 (started by truon in D:\OJT\checklist-GROUP1\CheckLists-program\back_end)
CheckList_project  c.y.checklist.CheckListApplicationTests    logStartupProfileInfo 2024-04-19 Fri 15:58:55 [      ]  INFO : No active profile set, falling back to 1 default profile: "default"
CheckList_project  c.y.checklist.CheckListApplicationTests               logStarted 2024-04-19 Fri 15:59:13 [      ]  INFO : Started CheckListApplicationTests in 18.318 seconds (process running for 19.463)
]]></system-out>
  </testcase>
</testsuite>